Using pre-set license
Built from '2023.1/staging' branch; Version is '2023.1.11f1 (fbf46ad88f3d) revision 16512106'; Using compiler version '192829333'; Build Type 'Release'
OS: 'Windows 10  (10.0.19045) 64bit ProfessionalWorkstation' Language: 'es' Physical Memory: 32691 MB
BatchMode: 1, IsHumanControllingUs: 0, StartBugReporterOnCrash: 0, Is64bit: 1, IsPro: 1

COMMAND LINE ARGUMENTS:
D:\Program Files\Unity\Editor\2023.1.11f1\Editor\Unity.exe
-adb2
-batchMode
-noUpm
-name
AssetImportWorker2
-projectPath
C:/Users/maria/Documents/Proyecto Naves
-logFile
Logs/AssetImportWorker2.log
-srvPort
56692
Successfully changed project path to: C:/Users/maria/Documents/Proyecto Naves
C:/Users/maria/Documents/Proyecto Naves
[UnityMemory] Configuration Parameters - Can be set up in boot.config
    "memorysetup-bucket-allocator-granularity=16"
    "memorysetup-bucket-allocator-bucket-count=8"
    "memorysetup-bucket-allocator-block-size=33554432"
    "memorysetup-bucket-allocator-block-count=8"
    "memorysetup-main-allocator-block-size=16777216"
    "memorysetup-thread-allocator-block-size=16777216"
    "memorysetup-gfx-main-allocator-block-size=16777216"
    "memorysetup-gfx-thread-allocator-block-size=16777216"
    "memorysetup-cache-allocator-block-size=4194304"
    "memorysetup-typetree-allocator-block-size=2097152"
    "memorysetup-profiler-bucket-allocator-granularity=16"
    "memorysetup-profiler-bucket-allocator-bucket-count=8"
    "memorysetup-profiler-bucket-allocator-block-size=33554432"
    "memorysetup-profiler-bucket-allocator-block-count=8"
    "memorysetup-profiler-allocator-block-size=16777216"
    "memorysetup-profiler-editor-allocator-block-size=1048576"
    "memorysetup-temp-allocator-size-main=16777216"
    "memorysetup-job-temp-allocator-block-size=2097152"
    "memorysetup-job-temp-allocator-block-size-background=1048576"
    "memorysetup-job-temp-allocator-reduction-small-platforms=262144"
    "memorysetup-allocator-temp-initial-block-size-main=262144"
    "memorysetup-allocator-temp-initial-block-size-worker=262144"
    "memorysetup-temp-allocator-size-background-worker=32768"
    "memorysetup-temp-allocator-size-job-worker=262144"
    "memorysetup-temp-allocator-size-preload-manager=33554432"
    "memorysetup-temp-allocator-size-nav-mesh-worker=65536"
    "memorysetup-temp-allocator-size-audio-worker=65536"
    "memorysetup-temp-allocator-size-cloud-worker=32768"
    "memorysetup-temp-allocator-size-gi-baking-worker=262144"
    "memorysetup-temp-allocator-size-gfx=262144"
Player connection [7256] Host "[IP] 192.168.1.134 [Port] 0 [Flags] 2 [Guid] 1918019957 [EditorId] 1918019957 [Version] 1048832 [Id] WindowsEditor(7,PC-Pinkeiru) [Debug] 1 [PackageName] WindowsEditor [ProjectName] Editor" joined multi-casting on [225.0.0.222:54997]...

Player connection [7256] Host "[IP] 192.168.1.134 [Port] 0 [Flags] 2 [Guid] 1918019957 [EditorId] 1918019957 [Version] 1048832 [Id] WindowsEditor(7,PC-Pinkeiru) [Debug] 1 [PackageName] WindowsEditor [ProjectName] Editor" joined alternative multi-casting on [225.0.0.222:34997]...

[Physics::Module] Initialized MultithreadedJobDispatcher with 15 workers.
Library Redirect Path: Library/Refreshing native plugins compatible for Editor in 9.30 ms, found 3 plugins.
Preloading 0 native plugins for Editor in 0.00 ms.
Initialize engine version: 2023.1.11f1 (fbf46ad88f3d)
[Subsystems] Discovering subsystems at path D:/Program Files/Unity/Editor/2023.1.11f1/Editor/Data/Resources/UnitySubsystems
[Subsystems] Discovering subsystems at path C:/Users/maria/Documents/Proyecto Naves/Assets
GfxDevice: creating device client; threaded=0; jobified=0
Direct3D:
    Version:  Direct3D 11.0 [level 11.1]
    Renderer: NVIDIA GeForce RTX 3070 (ID=0x2484)
    Vendor:   NVIDIA
    VRAM:     8031 MB
    Driver:   31.0.15.3734
Initialize mono
Mono path[0] = 'D:/Program Files/Unity/Editor/2023.1.11f1/Editor/Data/Managed'
Mono path[1] = 'D:/Program Files/Unity/Editor/2023.1.11f1/Editor/Data/MonoBleedingEdge/lib/mono/unityjit-win32'
Mono config path = 'D:/Program Files/Unity/Editor/2023.1.11f1/Editor/Data/MonoBleedingEdge/etc'
Using monoOptions --debugger-agent=transport=dt_socket,embedding=1,server=y,suspend=n,address=127.0.0.1:56532
Begin MonoManager ReloadAssembly
C:\build\output\Unity-Technologies\mono\mono\metadata\icall.c:1842:
C:\build\output\Unity-Technologies\mono\mono\metadata\icall.c:1842:
C:\build\output\Unity-Technologies\mono\mono\metadata\icall.c:1842:
C:\build\output\Unity-Technologies\mono\mono\metadata\icall.c:1842:
C:\build\output\Unity-Technologies\mono\mono\metadata\icall.c:1842:
C:\build\output\Unity-Technologies\mono\mono\metadata\icall.c:1842:
C:\build\output\Unity-Technologies\mono\mono\metadata\icall.c:1842:
C:\build\output\Unity-Technologies\mono\mono\metadata\icall.c:1842:
C:\build\output\Unity-Technologies\mono\mono\metadata\icall.c:1842:
C:\build\output\Unity-Technologies\mono\mono\metadata\icall.c:1842:
Registering precompiled unity dll's ...
Register platform support module: D:/Program Files/Unity/Editor/2023.1.11f1/Editor/Data/PlaybackEngines/WindowsStandaloneSupport/UnityEditor.WindowsStandalone.Extensions.dll
Registered in 0.002844 seconds.
- Loaded All Assemblies, in  0.351 seconds
Native extension for WindowsStandalone target not found
Mono: successfully reloaded assembly
C:\build\output\Unity-Technologies\mono\mono\metadata\icall.c:1842:
C:\build\output\Unity-Technologies\mono\mono\metadata\icall.c:1842:
- Finished resetting the current domain, in  0.264 seconds
Domain Reload Profiling: 614ms
	BeginReloadAssembly (110ms)
		ExecutionOrderSort (0ms)
		DisableScriptedObjects (0ms)
		BackupInstance (0ms)
		ReleaseScriptingObjects (0ms)
		CreateAndSetChildDomain (1ms)
	RebuildCommonClasses (34ms)
	RebuildNativeTypeToScriptingClass (14ms)
	initialDomainReloadingComplete (41ms)
	LoadAllAssembliesAndSetupDomain (151ms)
		LoadAssemblies (109ms)
		RebuildTransferFunctionScriptingTraits (0ms)
		AnalyzeDomain (149ms)
			TypeCache.Refresh (147ms)
				TypeCache.ScanAssembly (137ms)
			ScanForSourceGeneratedMonoScriptInfo (0ms)
			ResolveRequiredComponents (0ms)
	FinalizeReload (264ms)
		ReleaseScriptCaches (0ms)
		RebuildScriptCaches (0ms)
		SetupLoadedEditorAssemblies (220ms)
			LogAssemblyErrors (0ms)
			InitializePlatformSupportModulesInManaged (7ms)
			SetLoadedEditorAssemblies (5ms)
			BeforeProcessingInitializeOnLoad (6ms)
			ProcessInitializeOnLoadAttributes (155ms)
			ProcessInitializeOnLoadMethodAttributes (47ms)
			AfterProcessingInitializeOnLoad (0ms)
			EditorAssembliesLoaded (0ms)
		ExecutionOrderSort2 (0ms)
		AwakeInstancesAfterBackupRestoration (0ms)
========================================================================
Worker process is ready to serve import requests
Import Worker Mode flag is 0x00
Begin MonoManager ReloadAssembly
C:\build\output\Unity-Technologies\mono\mono\metadata\icall.c:1842:
C:\build\output\Unity-Technologies\mono\mono\metadata\icall.c:1842:
C:\build\output\Unity-Technologies\mono\mono\metadata\icall.c:1842:
C:\build\output\Unity-Technologies\mono\mono\metadata\icall.c:1842:
C:\build\output\Unity-Technologies\mono\mono\metadata\icall.c:1842:
C:\build\output\Unity-Technologies\mono\mono\metadata\icall.c:1842:
C:\build\output\Unity-Technologies\mono\mono\metadata\icall.c:1842:
C:\build\output\Unity-Technologies\mono\mono\metadata\icall.c:1842:
C:\build\output\Unity-Technologies\mono\mono\metadata\icall.c:1842:
C:\build\output\Unity-Technologies\mono\mono\metadata\icall.c:1842:
C:\build\output\Unity-Technologies\mono\mono\metadata\icall.c:1842:
C:\build\output\Unity-Technologies\mono\mono\metadata\icall.c:1842:
Symbol file LoadedFromMemory doesn't match image C:\Users\maria\Documents\Proyecto Naves\Library\PackageCache\com.unity.visualscripting@1.8.0\Editor\VisualScripting.Core\Dependencies\YamlDotNet\Unity.VisualScripting.YamlDotNet.dll
Symbol file LoadedFromMemory doesn't match image C:\Users\maria\Documents\Proyecto Naves\Library\PackageCache\com.unity.visualscripting@1.8.0\Editor\VisualScripting.Core\Dependencies\DotNetZip\Unity.VisualScripting.IonicZip.dll
- Loaded All Assemblies, in  0.798 seconds
Refreshing native plugins compatible for Editor in 2.43 ms, found 3 plugins.
Native extension for WindowsStandalone target not found
Mono: successfully reloaded assembly
- Finished resetting the current domain, in  0.524 seconds
Domain Reload Profiling: 1321ms
	BeginReloadAssembly (260ms)
		ExecutionOrderSort (0ms)
		DisableScriptedObjects (5ms)
		BackupInstance (0ms)
		ReleaseScriptingObjects (0ms)
		CreateAndSetChildDomain (27ms)
	RebuildCommonClasses (39ms)
	RebuildNativeTypeToScriptingClass (12ms)
	initialDomainReloadingComplete (31ms)
	LoadAllAssembliesAndSetupDomain (454ms)
		LoadAssemblies (268ms)
		RebuildTransferFunctionScriptingTraits (0ms)
		AnalyzeDomain (271ms)
			TypeCache.Refresh (256ms)
				TypeCache.ScanAssembly (244ms)
			ScanForSourceGeneratedMonoScriptInfo (11ms)
			ResolveRequiredComponents (3ms)
	FinalizeReload (525ms)
		ReleaseScriptCaches (0ms)
		RebuildScriptCaches (0ms)
		SetupLoadedEditorAssemblies (345ms)
			LogAssemblyErrors (0ms)
			InitializePlatformSupportModulesInManaged (4ms)
			SetLoadedEditorAssemblies (3ms)
			BeforeProcessingInitializeOnLoad (63ms)
			ProcessInitializeOnLoadAttributes (255ms)
			ProcessInitializeOnLoadMethodAttributes (18ms)
			AfterProcessingInitializeOnLoad (2ms)
			EditorAssembliesLoaded (0ms)
		ExecutionOrderSort2 (0ms)
		AwakeInstancesAfterBackupRestoration (6ms)
Launched and connected shader compiler UnityShaderCompiler.exe after 0.01 seconds
Refreshing native plugins compatible for Editor in 2.77 ms, found 3 plugins.
Preloading 0 native plugins for Editor in 0.00 ms.
Unloading 3145 Unused Serialized files (Serialized files now loaded: 0)
Unloading 34 unused Assets / (52.7 KB). Loaded Objects now: 3694.
Memory consumption went from 125.8 MB to 125.8 MB.
Total: 3.590500 ms (FindLiveObjects: 0.249200 ms CreateObjectMapping: 0.082500 ms MarkObjects: 3.165500 ms  DeleteObjects: 0.092300 ms)

AssetImportParameters requested are different than current active one (requested -> active):
  custom:video-decoder-webm-vp8: 9c59270c3fd7afecdb556c50c9e8de78 -> 
  custom:SearchIndexIgnoredProperties: e643bd26f0fe6173181afceb89e7c659 -> 
  custom:audio-encoder-webm-vorbis: bf7c407c2cedff20999df2af8eb42d56 -> 
  custom:AudioImporter_EditorPlatform: d09bf68614088b80899f8185d706f6e7 -> 
  custom:audio-decoder-ogg-vorbis: bf7c407c2cedff20999df2af8eb42d56 -> 
  custom:video-encoder-webm-vp8: eb34c28f22e8b96e1ab97ce403110664 -> 
  custom:container-demuxer-ogg: 62fdf1f143b41e24485cea50d1cbac27 -> 
  custom:framework-win-MediaFoundation: 216162199b28c13a410421893ffa2e32 -> 
  custom:video-decoder-ogg-theora: a1e56fd34408186e4bbccfd4996cb3dc -> 
  custom:container-muxer-webm: aa71ff27fc2769a1b78a27578f13a17b -> 
  custom:CustomObjectIndexerAttribute: 756ad292c208cfabdd7b50bc23989ffe -> 
  custom:container-demuxer-webm: 4f35f7cbe854078d1ac9338744f61a02 -> 
========================================================================
Received Import Request.
  Time since last request: 1271124.786854 seconds.
  path: Assets/Elemental Free/ElementalParticles/Textures/Additive
  artifactKey: Guid(24f99a99763984390a0fa0847c144eac) Importer(815301076,1909f56bfc062723c751e8b465ee728b)
Start importing Assets/Elemental Free/ElementalParticles/Textures/Additive using Guid(24f99a99763984390a0fa0847c144eac) Importer(815301076,1909f56bfc062723c751e8b465ee728b)  -> (artifact id: 'bad1f2cffa32d147c37a081859c0ae70') in 0.002853 seconds
Number of updated asset objects reloaded before import = 0
Number of asset objects unloaded after import = 0
========================================================================
Received Import Request.
  Time since last request: 0.049182 seconds.
  path: Assets/Elemental Free/ElementalParticles/Textures/Additive/ETF_Texture_Burst_01.png
  artifactKey: Guid(0caf48a461f844bb9977c07b1944d731) Importer(815301076,1909f56bfc062723c751e8b465ee728b)
Start importing Assets/Elemental Free/ElementalParticles/Textures/Additive/ETF_Texture_Burst_01.png using Guid(0caf48a461f844bb9977c07b1944d731) Importer(815301076,1909f56bfc062723c751e8b465ee728b)  -> (artifact id: '9496cd54ab39dba435e2c0760237c358') in 0.063921 seconds
Number of updated asset objects reloaded before import = 0
Number of asset objects unloaded after import = 2
========================================================================
Received Import Request.
  Time since last request: 0.000013 seconds.
  path: Assets/Elemental Free/ElementalParticles/Textures/Additive/ETF_Texture_Explode_01.png
  artifactKey: Guid(c4d1587ba96204417b09df52f662c784) Importer(815301076,1909f56bfc062723c751e8b465ee728b)
Start importing Assets/Elemental Free/ElementalParticles/Textures/Additive/ETF_Texture_Explode_01.png using Guid(c4d1587ba96204417b09df52f662c784) Importer(815301076,1909f56bfc062723c751e8b465ee728b)  -> (artifact id: '65d8c4b9c9ed8229f0e6f7887f5dc1cc') in 0.013887 seconds
Number of updated asset objects reloaded before import = 0
Number of asset objects unloaded after import = 2
========================================================================
Received Import Request.
  Time since last request: 0.000042 seconds.
  path: Assets/Elemental Free/ElementalParticles/Textures/Additive/ETF_Texture_Ring_02.png
  artifactKey: Guid(48e5d47566f384ecf9a392450305bca3) Importer(815301076,1909f56bfc062723c751e8b465ee728b)
Start importing Assets/Elemental Free/ElementalParticles/Textures/Additive/ETF_Texture_Ring_02.png using Guid(48e5d47566f384ecf9a392450305bca3) Importer(815301076,1909f56bfc062723c751e8b465ee728b)  -> (artifact id: '012545d5cf7462ef16ff4399e9e1b4de') in 0.012889 seconds
Number of updated asset objects reloaded before import = 0
Number of asset objects unloaded after import = 2
========================================================================
Received Import Request.
  Time since last request: 0.000030 seconds.
  path: Assets/Elemental Free/ElementalParticles/Textures/Additive/ETF_Texture_Crack_01.png
  artifactKey: Guid(951b1a00695ce4671bba03b2da457644) Importer(815301076,1909f56bfc062723c751e8b465ee728b)
Start importing Assets/Elemental Free/ElementalParticles/Textures/Additive/ETF_Texture_Crack_01.png using Guid(951b1a00695ce4671bba03b2da457644) Importer(815301076,1909f56bfc062723c751e8b465ee728b)  -> (artifact id: '47b491e83073901f57860ecab545079c') in 0.015743 seconds
Number of updated asset objects reloaded before import = 0
Number of asset objects unloaded after import = 2
========================================================================
Received Import Request.
  Time since last request: 0.000025 seconds.
  path: Assets/Elemental Free/ElementalParticles/Textures/Additive/ETF_Texture_Ray_01.png
  artifactKey: Guid(c8d2a3435f21140029f82e38dfe22700) Importer(815301076,1909f56bfc062723c751e8b465ee728b)
Start importing Assets/Elemental Free/ElementalParticles/Textures/Additive/ETF_Texture_Ray_01.png using Guid(c8d2a3435f21140029f82e38dfe22700) Importer(815301076,1909f56bfc062723c751e8b465ee728b)  -> (artifact id: '253df5e1ee6781422c6adcfa82d83ce7') in 0.049971 seconds
Number of updated asset objects reloaded before import = 0
Number of asset objects unloaded after import = 2
========================================================================
Received Import Request.
  Time since last request: 0.000041 seconds.
  path: Assets/Elemental Free/ElementalParticles/Textures/Additive/ETF_Texture_Flame_01.png
  artifactKey: Guid(6d4743cc1529e423bbe058d9be970455) Importer(815301076,1909f56bfc062723c751e8b465ee728b)
Start importing Assets/Elemental Free/ElementalParticles/Textures/Additive/ETF_Texture_Flame_01.png using Guid(6d4743cc1529e423bbe058d9be970455) Importer(815301076,1909f56bfc062723c751e8b465ee728b)  -> (artifact id: '916a2ac01134fe267ce08f077710712c') in 0.013475 seconds
Number of updated asset objects reloaded before import = 0
Number of asset objects unloaded after import = 2
========================================================================
Received Import Request.
  Time since last request: 0.000023 seconds.
  path: Assets/Elemental Free/ElementalParticles/Textures/Additive/ETF_Texture_Lava_01.png
  artifactKey: Guid(94701fd018e0c4d9db51ca8291973235) Importer(815301076,1909f56bfc062723c751e8b465ee728b)
Start importing Assets/Elemental Free/ElementalParticles/Textures/Additive/ETF_Texture_Lava_01.png using Guid(94701fd018e0c4d9db51ca8291973235) Importer(815301076,1909f56bfc062723c751e8b465ee728b)  -> (artifact id: '7bb161fed3d702f34c67394b92c94d77') in 0.030680 seconds
Number of updated asset objects reloaded before import = 0
Number of asset objects unloaded after import = 2
========================================================================
Received Import Request.
  Time since last request: 0.000053 seconds.
  path: Assets/Elemental Free/ElementalParticles/Textures/Additive/ETF_Texture_Fire_01.png
  artifactKey: Guid(0714d75ef7206460bac636729084300d) Importer(815301076,1909f56bfc062723c751e8b465ee728b)
Start importing Assets/Elemental Free/ElementalParticles/Textures/Additive/ETF_Texture_Fire_01.png using Guid(0714d75ef7206460bac636729084300d) Importer(815301076,1909f56bfc062723c751e8b465ee728b)  -> (artifact id: '13e77234733e5bb15cf251608d91951d') in 0.032784 seconds
Number of updated asset objects reloaded before import = 0
Number of asset objects unloaded after import = 2
========================================================================
Received Import Request.
  Time since last request: 0.000017 seconds.
  path: Assets/Elemental Free/ElementalParticles/Textures/Additive/ETF_Texture_Heat_01.png
  artifactKey: Guid(a2b95373553df4b1981dbb404b559557) Importer(815301076,1909f56bfc062723c751e8b465ee728b)
Start importing Assets/Elemental Free/ElementalParticles/Textures/Additive/ETF_Texture_Heat_01.png using Guid(a2b95373553df4b1981dbb404b559557) Importer(815301076,1909f56bfc062723c751e8b465ee728b)  -> (artifact id: '1fff97ad463c210c14550e983a688f46') in 0.014835 seconds
Number of updated asset objects reloaded before import = 0
Number of asset objects unloaded after import = 2
========================================================================
Received Import Request.
  Time since last request: 0.000039 seconds.
  path: Assets/Elemental Free/ElementalParticles/Textures/Additive/ETF_Texture_Ray_04.png
  artifactKey: Guid(6e6d914d6626b4dae9d4250b37b90e67) Importer(815301076,1909f56bfc062723c751e8b465ee728b)
Start importing Assets/Elemental Free/ElementalParticles/Textures/Additive/ETF_Texture_Ray_04.png using Guid(6e6d914d6626b4dae9d4250b37b90e67) Importer(815301076,1909f56bfc062723c751e8b465ee728b)  -> (artifact id: 'af84e9ba082144ce14180768aa8c41ef') in 0.010363 seconds
Number of updated asset objects reloaded before import = 0
Number of asset objects unloaded after import = 2
========================================================================
Received Import Request.
  Time since last request: 1.760086 seconds.
  path: Assets/Elemental Free/ElementalParticles/Textures/Additive/ETF_Texture_Ring_03.png
  artifactKey: Guid(369c9cc91b3914f61be25852d54fa382) Importer(815301076,1909f56bfc062723c751e8b465ee728b)
Start importing Assets/Elemental Free/ElementalParticles/Textures/Additive/ETF_Texture_Ring_03.png using Guid(369c9cc91b3914f61be25852d54fa382) Importer(815301076,1909f56bfc062723c751e8b465ee728b)  -> (artifact id: 'c0491936de01faf16b70eac001372fb3') in 0.013470 seconds
Number of updated asset objects reloaded before import = 0
Number of asset objects unloaded after import = 2
========================================================================
Received Import Request.
  Time since last request: 0.813411 seconds.
  path: Assets/Elemental Free/ElementalParticles/Textures/Additive/ETF_Texture_Sparkle_02.png
  artifactKey: Guid(d7af1b6af347244449485ddb99af927f) Importer(815301076,1909f56bfc062723c751e8b465ee728b)
Start importing Assets/Elemental Free/ElementalParticles/Textures/Additive/ETF_Texture_Sparkle_02.png using Guid(d7af1b6af347244449485ddb99af927f) Importer(815301076,1909f56bfc062723c751e8b465ee728b)  -> (artifact id: '14c089da843321a7d39d4ddb336c3e2e') in 0.012735 seconds
Number of updated asset objects reloaded before import = 0
Number of asset objects unloaded after import = 2
========================================================================
Received Import Request.
  Time since last request: 0.000023 seconds.
  path: Assets/Elemental Free/ElementalParticles/Textures/Additive/ETF_Texture_Thunder_01.png
  artifactKey: Guid(2844be2b056344467a2c57b29366edd7) Importer(815301076,1909f56bfc062723c751e8b465ee728b)
Start importing Assets/Elemental Free/ElementalParticles/Textures/Additive/ETF_Texture_Thunder_01.png using Guid(2844be2b056344467a2c57b29366edd7) Importer(815301076,1909f56bfc062723c751e8b465ee728b)  -> (artifact id: '16de10492708205724924091937dc481') in 0.014907 seconds
Number of updated asset objects reloaded before import = 0
Number of asset objects unloaded after import = 2
========================================================================
Received Import Request.
  Time since last request: 0.014317 seconds.
  path: Assets/Elemental Free/ElementalParticles/Textures/Additive/ETF_Texture_Thunder_02.png
  artifactKey: Guid(b6cbc957de8cb4638b3334448edfa71d) Importer(815301076,1909f56bfc062723c751e8b465ee728b)
Start importing Assets/Elemental Free/ElementalParticles/Textures/Additive/ETF_Texture_Thunder_02.png using Guid(b6cbc957de8cb4638b3334448edfa71d) Importer(815301076,1909f56bfc062723c751e8b465ee728b)  -> (artifact id: '1fb2d02f3290df5c2ccd72f6098df2d2') in 0.012760 seconds
Number of updated asset objects reloaded before import = 0
Number of asset objects unloaded after import = 2
========================================================================
Received Import Request.
  Time since last request: 39.244900 seconds.
  path: Assets/Elemental Free/ElementalParticles/Prefabs/Fire/ETF_Boom.prefab
  artifactKey: Guid(7cf17ed91cf254b5ab4b35d42b430b8a) Importer(815301076,1909f56bfc062723c751e8b465ee728b)
Start importing Assets/Elemental Free/ElementalParticles/Prefabs/Fire/ETF_Boom.prefab using Guid(7cf17ed91cf254b5ab4b35d42b430b8a) Importer(815301076,1909f56bfc062723c751e8b465ee728b)  -> (artifact id: '144b31c6323926cbef0d7a3eb01da863') in 0.078728 seconds
Number of updated asset objects reloaded before import = 0
Number of asset objects unloaded after import = 38
========================================================================
Received Import Request.
  Time since last request: 0.000017 seconds.
  path: Assets/Elemental Free/ElementalParticles/Prefabs/Fire/ETF_FireSplinters.prefab
  artifactKey: Guid(331835122e53b42f9abe58caac5fd0ec) Importer(815301076,1909f56bfc062723c751e8b465ee728b)
Start importing Assets/Elemental Free/ElementalParticles/Prefabs/Fire/ETF_FireSplinters.prefab using Guid(331835122e53b42f9abe58caac5fd0ec) Importer(815301076,1909f56bfc062723c751e8b465ee728b)  -> (artifact id: 'e2acbb0b1ed60f4adfdcfae424fcde76') in 0.013882 seconds
Number of updated asset objects reloaded before import = 0
Number of asset objects unloaded after import = 26
========================================================================
Received Import Request.
  Time since last request: 0.000018 seconds.
  path: Assets/Elemental Free/ElementalParticles/Prefabs/Fire/ETF_Firewall.prefab
  artifactKey: Guid(266e222cb0747495889e018b0301036c) Importer(815301076,1909f56bfc062723c751e8b465ee728b)
Start importing Assets/Elemental Free/ElementalParticles/Prefabs/Fire/ETF_Firewall.prefab using Guid(266e222cb0747495889e018b0301036c) Importer(815301076,1909f56bfc062723c751e8b465ee728b)  -> (artifact id: 'a4a40135cbac69d98a393d73faf0f351') in 0.011751 seconds
Number of updated asset objects reloaded before import = 0
Number of asset objects unloaded after import = 20
========================================================================
Received Import Request.
  Time since last request: 0.000012 seconds.
  path: Assets/Elemental Free/ElementalParticles/Prefabs/Fire/ETF_FlameEnchant.prefab
  artifactKey: Guid(4b8e36a33df86428aa3bec11134bc0e7) Importer(815301076,1909f56bfc062723c751e8b465ee728b)
Start importing Assets/Elemental Free/ElementalParticles/Prefabs/Fire/ETF_FlameEnchant.prefab using Guid(4b8e36a33df86428aa3bec11134bc0e7) Importer(815301076,1909f56bfc062723c751e8b465ee728b)  -> (artifact id: 'e24a0ff596ad842eda3be11ac1148c0e') in 0.033460 seconds
Number of updated asset objects reloaded before import = 0
Number of asset objects unloaded after import = 26
========================================================================
Received Import Request.
  Time since last request: 0.000018 seconds.
  path: Assets/Elemental Free/ElementalParticles/Prefabs/Fire/ETF_FireCloud.prefab
  artifactKey: Guid(6fb44c4627173400a892266b2b591bb7) Importer(815301076,1909f56bfc062723c751e8b465ee728b)
Start importing Assets/Elemental Free/ElementalParticles/Prefabs/Fire/ETF_FireCloud.prefab using Guid(6fb44c4627173400a892266b2b591bb7) Importer(815301076,1909f56bfc062723c751e8b465ee728b)  -> (artifact id: '983a36069146e78ec9205cd3d9919d4e') in 0.080863 seconds
Number of updated asset objects reloaded before import = 0
Number of asset objects unloaded after import = 8
========================================================================
Received Import Request.
  Time since last request: 3.037168 seconds.
  path: Assets/Elemental Free/ElementalParticles/Prefabs/Fire/ETF_Lava.prefab
  artifactKey: Guid(0c13e19c4c6d847dea5e0df03766ece6) Importer(815301076,1909f56bfc062723c751e8b465ee728b)
Start importing Assets/Elemental Free/ElementalParticles/Prefabs/Fire/ETF_Lava.prefab using Guid(0c13e19c4c6d847dea5e0df03766ece6) Importer(815301076,1909f56bfc062723c751e8b465ee728b)  -> (artifact id: 'a95477276521fd730f71698bc9147e3b') in 0.011574 seconds
Number of updated asset objects reloaded before import = 0
Number of asset objects unloaded after import = 18
Editor requested this worker to shutdown with reason: Scaling down because of idle timeout
AssetImportWorker is now disconnected from the server
Process exiting
Exiting without the bug reporter. Application will terminate with return code 0