Using pre-set license
Built from '2023.1/staging' branch; Version is '2023.1.11f1 (fbf46ad88f3d) revision 16512106'; Using compiler version '192829333'; Build Type 'Release'
OS: 'Windows 10  (10.0.19045) 64bit ProfessionalWorkstation' Language: 'es' Physical Memory: 32691 MB
BatchMode: 1, IsHumanControllingUs: 0, StartBugReporterOnCrash: 0, Is64bit: 1, IsPro: 1

COMMAND LINE ARGUMENTS:
D:\Program Files\Unity\Editor\2023.1.11f1\Editor\Unity.exe
-adb2
-batchMode
-noUpm
-name
AssetImportWorker0
-projectPath
C:/Users/maria/Documents/Proyecto Naves
-logFile
Logs/AssetImportWorker0.log
-srvPort
56692
Successfully changed project path to: C:/Users/maria/Documents/Proyecto Naves
C:/Users/maria/Documents/Proyecto Naves
[UnityMemory] Configuration Parameters - Can be set up in boot.config
    "memorysetup-bucket-allocator-granularity=16"
    "memorysetup-bucket-allocator-bucket-count=8"
    "memorysetup-bucket-allocator-block-size=33554432"
    "memorysetup-bucket-allocator-block-count=8"
    "memorysetup-main-allocator-block-size=16777216"
    "memorysetup-thread-allocator-block-size=16777216"
    "memorysetup-gfx-main-allocator-block-size=16777216"
    "memorysetup-gfx-thread-allocator-block-size=16777216"
    "memorysetup-cache-allocator-block-size=4194304"
    "memorysetup-typetree-allocator-block-size=2097152"
    "memorysetup-profiler-bucket-allocator-granularity=16"
    "memorysetup-profiler-bucket-allocator-bucket-count=8"
    "memorysetup-profiler-bucket-allocator-block-size=33554432"
    "memorysetup-profiler-bucket-allocator-block-count=8"
    "memorysetup-profiler-allocator-block-size=16777216"
    "memorysetup-profiler-editor-allocator-block-size=1048576"
    "memorysetup-temp-allocator-size-main=16777216"
    "memorysetup-job-temp-allocator-block-size=2097152"
    "memorysetup-job-temp-allocator-block-size-background=1048576"
    "memorysetup-job-temp-allocator-reduction-small-platforms=262144"
    "memorysetup-allocator-temp-initial-block-size-main=262144"
    "memorysetup-allocator-temp-initial-block-size-worker=262144"
    "memorysetup-temp-allocator-size-background-worker=32768"
    "memorysetup-temp-allocator-size-job-worker=262144"
    "memorysetup-temp-allocator-size-preload-manager=33554432"
    "memorysetup-temp-allocator-size-nav-mesh-worker=65536"
    "memorysetup-temp-allocator-size-audio-worker=65536"
    "memorysetup-temp-allocator-size-cloud-worker=32768"
    "memorysetup-temp-allocator-size-gi-baking-worker=262144"
    "memorysetup-temp-allocator-size-gfx=262144"
Player connection [62176] Host "[IP] 192.168.1.134 [Port] 0 [Flags] 2 [Guid] 3987929465 [EditorId] 3987929465 [Version] 1048832 [Id] WindowsEditor(7,PC-Pinkeiru) [Debug] 1 [PackageName] WindowsEditor [ProjectName] Editor" joined multi-casting on [225.0.0.222:54997]...

Player connection [62176] Host "[IP] 192.168.1.134 [Port] 0 [Flags] 2 [Guid] 3987929465 [EditorId] 3987929465 [Version] 1048832 [Id] WindowsEditor(7,PC-Pinkeiru) [Debug] 1 [PackageName] WindowsEditor [ProjectName] Editor" joined alternative multi-casting on [225.0.0.222:34997]...

[Physics::Module] Initialized MultithreadedJobDispatcher with 15 workers.
Library Redirect Path: Library/Refreshing native plugins compatible for Editor in 12.22 ms, found 3 plugins.
Preloading 0 native plugins for Editor in 0.00 ms.
Initialize engine version: 2023.1.11f1 (fbf46ad88f3d)
[Subsystems] Discovering subsystems at path D:/Program Files/Unity/Editor/2023.1.11f1/Editor/Data/Resources/UnitySubsystems
[Subsystems] Discovering subsystems at path C:/Users/maria/Documents/Proyecto Naves/Assets
GfxDevice: creating device client; threaded=0; jobified=0
Direct3D:
    Version:  Direct3D 11.0 [level 11.1]
    Renderer: NVIDIA GeForce RTX 3070 (ID=0x2484)
    Vendor:   NVIDIA
    VRAM:     8031 MB
    Driver:   31.0.15.3734
Initialize mono
Mono path[0] = 'D:/Program Files/Unity/Editor/2023.1.11f1/Editor/Data/Managed'
Mono path[1] = 'D:/Program Files/Unity/Editor/2023.1.11f1/Editor/Data/MonoBleedingEdge/lib/mono/unityjit-win32'
Mono config path = 'D:/Program Files/Unity/Editor/2023.1.11f1/Editor/Data/MonoBleedingEdge/etc'
Using monoOptions --debugger-agent=transport=dt_socket,embedding=1,server=y,suspend=n,address=127.0.0.1:56952
Begin MonoManager ReloadAssembly
C:\build\output\Unity-Technologies\mono\mono\metadata\icall.c:1842:
C:\build\output\Unity-Technologies\mono\mono\metadata\icall.c:1842:
C:\build\output\Unity-Technologies\mono\mono\metadata\icall.c:1842:
C:\build\output\Unity-Technologies\mono\mono\metadata\icall.c:1842:
C:\build\output\Unity-Technologies\mono\mono\metadata\icall.c:1842:
C:\build\output\Unity-Technologies\mono\mono\metadata\icall.c:1842:
C:\build\output\Unity-Technologies\mono\mono\metadata\icall.c:1842:
C:\build\output\Unity-Technologies\mono\mono\metadata\icall.c:1842:
C:\build\output\Unity-Technologies\mono\mono\metadata\icall.c:1842:
C:\build\output\Unity-Technologies\mono\mono\metadata\icall.c:1842:
Registering precompiled unity dll's ...
Register platform support module: D:/Program Files/Unity/Editor/2023.1.11f1/Editor/Data/PlaybackEngines/WindowsStandaloneSupport/UnityEditor.WindowsStandalone.Extensions.dll
Registered in 0.003253 seconds.
- Loaded All Assemblies, in  0.409 seconds
Native extension for WindowsStandalone target not found
Mono: successfully reloaded assembly
C:\build\output\Unity-Technologies\mono\mono\metadata\icall.c:1842:
C:\build\output\Unity-Technologies\mono\mono\metadata\icall.c:1842:
- Finished resetting the current domain, in  0.289 seconds
Domain Reload Profiling: 698ms
	BeginReloadAssembly (133ms)
		ExecutionOrderSort (0ms)
		DisableScriptedObjects (0ms)
		BackupInstance (0ms)
		ReleaseScriptingObjects (0ms)
		CreateAndSetChildDomain (1ms)
	RebuildCommonClasses (47ms)
	RebuildNativeTypeToScriptingClass (15ms)
	initialDomainReloadingComplete (47ms)
	LoadAllAssembliesAndSetupDomain (167ms)
		LoadAssemblies (132ms)
		RebuildTransferFunctionScriptingTraits (0ms)
		AnalyzeDomain (165ms)
			TypeCache.Refresh (164ms)
				TypeCache.ScanAssembly (151ms)
			ScanForSourceGeneratedMonoScriptInfo (0ms)
			ResolveRequiredComponents (1ms)
	FinalizeReload (289ms)
		ReleaseScriptCaches (0ms)
		RebuildScriptCaches (0ms)
		SetupLoadedEditorAssemblies (245ms)
			LogAssemblyErrors (0ms)
			InitializePlatformSupportModulesInManaged (7ms)
			SetLoadedEditorAssemblies (5ms)
			BeforeProcessingInitializeOnLoad (7ms)
			ProcessInitializeOnLoadAttributes (173ms)
			ProcessInitializeOnLoadMethodAttributes (52ms)
			AfterProcessingInitializeOnLoad (0ms)
			EditorAssembliesLoaded (0ms)
		ExecutionOrderSort2 (0ms)
		AwakeInstancesAfterBackupRestoration (0ms)
========================================================================
Worker process is ready to serve import requests
Import Worker Mode flag is 0x00
Begin MonoManager ReloadAssembly
C:\build\output\Unity-Technologies\mono\mono\metadata\icall.c:1842:
C:\build\output\Unity-Technologies\mono\mono\metadata\icall.c:1842:
C:\build\output\Unity-Technologies\mono\mono\metadata\icall.c:1842:
C:\build\output\Unity-Technologies\mono\mono\metadata\icall.c:1842:
C:\build\output\Unity-Technologies\mono\mono\metadata\icall.c:1842:
C:\build\output\Unity-Technologies\mono\mono\metadata\icall.c:1842:
C:\build\output\Unity-Technologies\mono\mono\metadata\icall.c:1842:
C:\build\output\Unity-Technologies\mono\mono\metadata\icall.c:1842:
C:\build\output\Unity-Technologies\mono\mono\metadata\icall.c:1842:
C:\build\output\Unity-Technologies\mono\mono\metadata\icall.c:1842:
C:\build\output\Unity-Technologies\mono\mono\metadata\icall.c:1842:
C:\build\output\Unity-Technologies\mono\mono\metadata\icall.c:1842:
Symbol file LoadedFromMemory doesn't match image C:\Users\maria\Documents\Proyecto Naves\Library\PackageCache\com.unity.visualscripting@1.8.0\Editor\VisualScripting.Core\Dependencies\YamlDotNet\Unity.VisualScripting.YamlDotNet.dll
Symbol file LoadedFromMemory doesn't match image C:\Users\maria\Documents\Proyecto Naves\Library\PackageCache\com.unity.visualscripting@1.8.0\Editor\VisualScripting.Core\Dependencies\DotNetZip\Unity.VisualScripting.IonicZip.dll
- Loaded All Assemblies, in  0.927 seconds
Refreshing native plugins compatible for Editor in 2.97 ms, found 3 plugins.
Native extension for WindowsStandalone target not found
Mono: successfully reloaded assembly
- Finished resetting the current domain, in  0.633 seconds
Domain Reload Profiling: 1558ms
	BeginReloadAssembly (297ms)
		ExecutionOrderSort (0ms)
		DisableScriptedObjects (5ms)
		BackupInstance (0ms)
		ReleaseScriptingObjects (0ms)
		CreateAndSetChildDomain (32ms)
	RebuildCommonClasses (35ms)
	RebuildNativeTypeToScriptingClass (13ms)
	initialDomainReloadingComplete (35ms)
	LoadAllAssembliesAndSetupDomain (545ms)
		LoadAssemblies (311ms)
		RebuildTransferFunctionScriptingTraits (0ms)
		AnalyzeDomain (328ms)
			TypeCache.Refresh (308ms)
				TypeCache.ScanAssembly (296ms)
			ScanForSourceGeneratedMonoScriptInfo (14ms)
			ResolveRequiredComponents (5ms)
	FinalizeReload (633ms)
		ReleaseScriptCaches (0ms)
		RebuildScriptCaches (0ms)
		SetupLoadedEditorAssemblies (426ms)
			LogAssemblyErrors (0ms)
			InitializePlatformSupportModulesInManaged (5ms)
			SetLoadedEditorAssemblies (4ms)
			BeforeProcessingInitializeOnLoad (102ms)
			ProcessInitializeOnLoadAttributes (286ms)
			ProcessInitializeOnLoadMethodAttributes (27ms)
			AfterProcessingInitializeOnLoad (2ms)
			EditorAssembliesLoaded (0ms)
		ExecutionOrderSort2 (0ms)
		AwakeInstancesAfterBackupRestoration (9ms)
Launched and connected shader compiler UnityShaderCompiler.exe after 0.01 seconds
Refreshing native plugins compatible for Editor in 3.30 ms, found 3 plugins.
Preloading 0 native plugins for Editor in 0.00 ms.
Unloading 3145 Unused Serialized files (Serialized files now loaded: 0)
Unloading 34 unused Assets / (52.7 KB). Loaded Objects now: 3693.
Memory consumption went from 125.8 MB to 125.7 MB.
Total: 4.582900 ms (FindLiveObjects: 0.276300 ms CreateObjectMapping: 0.088000 ms MarkObjects: 4.106200 ms  DeleteObjects: 0.110800 ms)

AssetImportParameters requested are different than current active one (requested -> active):
  custom:video-decoder-webm-vp8: 9c59270c3fd7afecdb556c50c9e8de78 -> 
  custom:SearchIndexIgnoredProperties: e643bd26f0fe6173181afceb89e7c659 -> 
  custom:audio-encoder-webm-vorbis: bf7c407c2cedff20999df2af8eb42d56 -> 
  custom:AudioImporter_EditorPlatform: d09bf68614088b80899f8185d706f6e7 -> 
  custom:audio-decoder-ogg-vorbis: bf7c407c2cedff20999df2af8eb42d56 -> 
  custom:video-encoder-webm-vp8: eb34c28f22e8b96e1ab97ce403110664 -> 
  custom:container-demuxer-ogg: 62fdf1f143b41e24485cea50d1cbac27 -> 
  custom:framework-win-MediaFoundation: 216162199b28c13a410421893ffa2e32 -> 
  custom:video-decoder-ogg-theora: a1e56fd34408186e4bbccfd4996cb3dc -> 
  custom:container-muxer-webm: aa71ff27fc2769a1b78a27578f13a17b -> 
  custom:container-demuxer-webm: 4f35f7cbe854078d1ac9338744f61a02 -> 
========================================================================
Received Prepare
Refreshing native plugins compatible for Editor in 2.54 ms, found 3 plugins.
Preloading 0 native plugins for Editor in 0.00 ms.
Unloading 1 Unused Serialized files (Serialized files now loaded: 0)
Unloading 1 unused Assets / (3.0 KB). Loaded Objects now: 3693.
Memory consumption went from 76.2 MB to 76.2 MB.
Total: 3.555500 ms (FindLiveObjects: 0.256700 ms CreateObjectMapping: 0.091300 ms MarkObjects: 3.188900 ms  DeleteObjects: 0.017700 ms)

Prepare: number of updated asset objects reloaded= 0
AssetImportParameters requested are different than current active one (requested -> active):
  custom:video-decoder-webm-vp8: 9c59270c3fd7afecdb556c50c9e8de78 -> 
  custom:SearchIndexIgnoredProperties: e643bd26f0fe6173181afceb89e7c659 -> 
  custom:audio-encoder-webm-vorbis: bf7c407c2cedff20999df2af8eb42d56 -> 
  custom:AudioImporter_EditorPlatform: d09bf68614088b80899f8185d706f6e7 -> 
  custom:audio-decoder-ogg-vorbis: bf7c407c2cedff20999df2af8eb42d56 -> 
  custom:video-encoder-webm-vp8: eb34c28f22e8b96e1ab97ce403110664 -> 
  custom:container-demuxer-ogg: 62fdf1f143b41e24485cea50d1cbac27 -> 
  custom:framework-win-MediaFoundation: 216162199b28c13a410421893ffa2e32 -> 
  custom:video-decoder-ogg-theora: a1e56fd34408186e4bbccfd4996cb3dc -> 
  custom:container-muxer-webm: aa71ff27fc2769a1b78a27578f13a17b -> 
  custom:CustomObjectIndexerAttribute: 756ad292c208cfabdd7b50bc23989ffe -> 
  custom:container-demuxer-webm: 4f35f7cbe854078d1ac9338744f61a02 -> 
========================================================================
Received Import Request.
  Time since last request: 1270425.947814 seconds.
  path: Assets/Elemental Free
  artifactKey: Guid(e6d9f9d366406dd439159f9d8c5a5074) Importer(815301076,1909f56bfc062723c751e8b465ee728b)
Start importing Assets/Elemental Free using Guid(e6d9f9d366406dd439159f9d8c5a5074) Importer(815301076,1909f56bfc062723c751e8b465ee728b)  -> (artifact id: '42678a53cb165aa97ebc804f98ae449f') in 0.003284 seconds
Number of updated asset objects reloaded before import = 0
Number of asset objects unloaded after import = 0
========================================================================
Received Import Request.
  Time since last request: 0.880386 seconds.
  path: Assets/Elemental Free/ElementalParticles
  artifactKey: Guid(382dbcfad22624a0784c7f198a511516) Importer(815301076,1909f56bfc062723c751e8b465ee728b)
Start importing Assets/Elemental Free/ElementalParticles using Guid(382dbcfad22624a0784c7f198a511516) Importer(815301076,1909f56bfc062723c751e8b465ee728b)  -> (artifact id: '89cafdcfdfed76f71069f39e919b2023') in 0.000533 seconds
Number of updated asset objects reloaded before import = 0
Number of asset objects unloaded after import = 0
========================================================================
Received Import Request.
  Time since last request: 1.415107 seconds.
  path: Assets/Elemental Free/ElementalParticles/Prefabs
  artifactKey: Guid(0f161bb41df9b467d8e8604508a90c17) Importer(815301076,1909f56bfc062723c751e8b465ee728b)
Start importing Assets/Elemental Free/ElementalParticles/Prefabs using Guid(0f161bb41df9b467d8e8604508a90c17) Importer(815301076,1909f56bfc062723c751e8b465ee728b)  -> (artifact id: '24283e290e5015beebbe2b353e7ac1b7') in 0.000528 seconds
Number of updated asset objects reloaded before import = 0
Number of asset objects unloaded after import = 0
========================================================================
Received Import Request.
  Time since last request: 1.022030 seconds.
  path: Assets/Elemental Free/ElementalParticles/Prefabs/Darkness
  artifactKey: Guid(37d8521a778f34d29888ed655b4a1d03) Importer(815301076,1909f56bfc062723c751e8b465ee728b)
Start importing Assets/Elemental Free/ElementalParticles/Prefabs/Darkness using Guid(37d8521a778f34d29888ed655b4a1d03) Importer(815301076,1909f56bfc062723c751e8b465ee728b)  -> (artifact id: '25134f316a19ffa5d8a685f6b2df290e') in 0.000432 seconds
Number of updated asset objects reloaded before import = 0
Number of asset objects unloaded after import = 0
========================================================================
Received Import Request.
  Time since last request: 0.045997 seconds.
  path: Assets/Elemental Free/ElementalParticles/Prefabs/Darkness/ETF_DarkFog.prefab
  artifactKey: Guid(3fb495b668c2f4949ae90bc73fc4add0) Importer(815301076,1909f56bfc062723c751e8b465ee728b)
Start importing Assets/Elemental Free/ElementalParticles/Prefabs/Darkness/ETF_DarkFog.prefab using Guid(3fb495b668c2f4949ae90bc73fc4add0) Importer(815301076,1909f56bfc062723c751e8b465ee728b)  -> (artifact id: '5ead7563679387d73533fa5e31103455') in 0.133780 seconds
Number of updated asset objects reloaded before import = 0
Number of asset objects unloaded after import = 8
========================================================================
Received Import Request.
  Time since last request: 1.568561 seconds.
  path: Assets/Elemental Free/ElementalParticles/Materials/Alpha Blended/ETF_Meterial_Fog_01.mat
  artifactKey: Guid(ec46cfe404fed4ddeb727f82b191fc9b) Importer(815301076,1909f56bfc062723c751e8b465ee728b)
Start importing Assets/Elemental Free/ElementalParticles/Materials/Alpha Blended/ETF_Meterial_Fog_01.mat using Guid(ec46cfe404fed4ddeb727f82b191fc9b) Importer(815301076,1909f56bfc062723c751e8b465ee728b)  -> (artifact id: '87f3aa05c17d990ff2388b21c597c6e9') in 0.026648 seconds
Number of updated asset objects reloaded before import = 0
Number of asset objects unloaded after import = 2
========================================================================
Received Import Request.
  Time since last request: 9.758819 seconds.
  path: Assets/Elemental Free/ElementalParticles/Textures
  artifactKey: Guid(23f76ba8e19d247c9beaeeeb46eac245) Importer(815301076,1909f56bfc062723c751e8b465ee728b)
Start importing Assets/Elemental Free/ElementalParticles/Textures using Guid(23f76ba8e19d247c9beaeeeb46eac245) Importer(815301076,1909f56bfc062723c751e8b465ee728b)  -> (artifact id: 'd09413056a06c3554870624fa7cdaeae') in 0.000479 seconds
Number of updated asset objects reloaded before import = 0
Number of asset objects unloaded after import = 0
========================================================================
Received Import Request.
  Time since last request: 1.108500 seconds.
  path: Assets/Elemental Free/ElementalParticles/Textures/Alpha Blended
  artifactKey: Guid(cf3c31f7ced3c4b8992cf48308b39ac0) Importer(815301076,1909f56bfc062723c751e8b465ee728b)
Start importing Assets/Elemental Free/ElementalParticles/Textures/Alpha Blended using Guid(cf3c31f7ced3c4b8992cf48308b39ac0) Importer(815301076,1909f56bfc062723c751e8b465ee728b)  -> (artifact id: 'bb49417b40bc4018df14fbd342b14eb5') in 0.000462 seconds
Number of updated asset objects reloaded before import = 0
Number of asset objects unloaded after import = 0
========================================================================
Received Import Request.
  Time since last request: 0.095778 seconds.
  path: Assets/Elemental Free/ElementalParticles/Textures/Alpha Blended/ETF_Texture_Cloud_01.png
  artifactKey: Guid(770e0c7a51d1a47f991efa163e9e721e) Importer(815301076,1909f56bfc062723c751e8b465ee728b)
Start importing Assets/Elemental Free/ElementalParticles/Textures/Alpha Blended/ETF_Texture_Cloud_01.png using Guid(770e0c7a51d1a47f991efa163e9e721e) Importer(815301076,1909f56bfc062723c751e8b465ee728b)  -> (artifact id: '12adc0173fb8a3ba967ce02510311845') in 0.019928 seconds
Number of updated asset objects reloaded before import = 0
Number of asset objects unloaded after import = 2
========================================================================
Received Import Request.
  Time since last request: 0.000018 seconds.
  path: Assets/Elemental Free/ElementalParticles/Textures/Alpha Blended/ETF_Texture_Ice_01.png
  artifactKey: Guid(739b6c460893b419fac61207a2ead65f) Importer(815301076,1909f56bfc062723c751e8b465ee728b)
Start importing Assets/Elemental Free/ElementalParticles/Textures/Alpha Blended/ETF_Texture_Ice_01.png using Guid(739b6c460893b419fac61207a2ead65f) Importer(815301076,1909f56bfc062723c751e8b465ee728b)  -> (artifact id: '658c6684f003ae37e755b3aabfe618ec') in 0.016480 seconds
Number of updated asset objects reloaded before import = 0
Number of asset objects unloaded after import = 2
========================================================================
Received Import Request.
  Time since last request: 0.000020 seconds.
  path: Assets/Elemental Free/ElementalParticles/Textures/Alpha Blended/ETF_Texture_Dust_01.png
  artifactKey: Guid(b0aa25627080d4b2ab107ca51b6199a5) Importer(815301076,1909f56bfc062723c751e8b465ee728b)
Start importing Assets/Elemental Free/ElementalParticles/Textures/Alpha Blended/ETF_Texture_Dust_01.png using Guid(b0aa25627080d4b2ab107ca51b6199a5) Importer(815301076,1909f56bfc062723c751e8b465ee728b)  -> (artifact id: '9f2aeda06d86abe40ccc70d3072c821b') in 0.018547 seconds
Number of updated asset objects reloaded before import = 0
Number of asset objects unloaded after import = 2
========================================================================
Received Import Request.
  Time since last request: 0.000012 seconds.
  path: Assets/Elemental Free/ElementalParticles/Textures/Alpha Blended/ETF_Texture_MudRipple_01.png
  artifactKey: Guid(8581321c6dc8248f8b504dfc617a0b9c) Importer(815301076,1909f56bfc062723c751e8b465ee728b)
Start importing Assets/Elemental Free/ElementalParticles/Textures/Alpha Blended/ETF_Texture_MudRipple_01.png using Guid(8581321c6dc8248f8b504dfc617a0b9c) Importer(815301076,1909f56bfc062723c751e8b465ee728b)  -> (artifact id: '826b647887a031417e03cd4fc391f81d') in 0.016351 seconds
Number of updated asset objects reloaded before import = 0
Number of asset objects unloaded after import = 2
========================================================================
Received Import Request.
  Time since last request: 0.000015 seconds.
  path: Assets/Elemental Free/ElementalParticles/Textures/Alpha Blended/ETF_Texture_Water_02.png
  artifactKey: Guid(b7c02e0464d7d4b22b8152b2e5499505) Importer(815301076,1909f56bfc062723c751e8b465ee728b)
Start importing Assets/Elemental Free/ElementalParticles/Textures/Alpha Blended/ETF_Texture_Water_02.png using Guid(b7c02e0464d7d4b22b8152b2e5499505) Importer(815301076,1909f56bfc062723c751e8b465ee728b)  -> (artifact id: 'e0692ededa83724367f8ab39254e3c21') in 0.012256 seconds
Number of updated asset objects reloaded before import = 0
Number of asset objects unloaded after import = 2
========================================================================
Received Import Request.
  Time since last request: 0.000015 seconds.
  path: Assets/Elemental Free/ElementalParticles/Textures/Alpha Blended/ETF_Texture_Smoke_02.png
  artifactKey: Guid(d19794521142d4edf927baad8968c43e) Importer(815301076,1909f56bfc062723c751e8b465ee728b)
Start importing Assets/Elemental Free/ElementalParticles/Textures/Alpha Blended/ETF_Texture_Smoke_02.png using Guid(d19794521142d4edf927baad8968c43e) Importer(815301076,1909f56bfc062723c751e8b465ee728b)  -> (artifact id: 'fe16d65828f18bd933f40aad9da0b0f7') in 0.029878 seconds
Number of updated asset objects reloaded before import = 0
Number of asset objects unloaded after import = 2
========================================================================
Received Import Request.
  Time since last request: 0.000015 seconds.
  path: Assets/Elemental Free/ElementalParticles/Textures/Alpha Blended/ETF_Texture_Smoke_01.png
  artifactKey: Guid(fa7e6e72b29e445fe9b822a961f069c6) Importer(815301076,1909f56bfc062723c751e8b465ee728b)
Start importing Assets/Elemental Free/ElementalParticles/Textures/Alpha Blended/ETF_Texture_Smoke_01.png using Guid(fa7e6e72b29e445fe9b822a961f069c6) Importer(815301076,1909f56bfc062723c751e8b465ee728b)  -> (artifact id: '4e978d227c100e540796ecd7f2e930c6') in 0.013884 seconds
Number of updated asset objects reloaded before import = 0
Number of asset objects unloaded after import = 2
========================================================================
Received Import Request.
  Time since last request: 0.000019 seconds.
  path: Assets/Elemental Free/ElementalParticles/Textures/Alpha Blended/ETF_Texture_RainSplash_01.png
  artifactKey: Guid(e050fc26ec3fe446db36ae162b7890cc) Importer(815301076,1909f56bfc062723c751e8b465ee728b)
Start importing Assets/Elemental Free/ElementalParticles/Textures/Alpha Blended/ETF_Texture_RainSplash_01.png using Guid(e050fc26ec3fe446db36ae162b7890cc) Importer(815301076,1909f56bfc062723c751e8b465ee728b)  -> (artifact id: '1d9a0a331efda117cd9d9afd426e8d94') in 0.017691 seconds
Number of updated asset objects reloaded before import = 0
Number of asset objects unloaded after import = 2
Editor requested this worker to shutdown with reason: Scaling down because of idle timeout
AssetImportWorker is now disconnected from the server
Process exiting
Exiting without the bug reporter. Application will terminate with return code 0